[   .000000 Initializing cgroup subsys cpuset
[    0.000000] Initializing cgroup subsys cpu
[    0.000000] Intiliing cgroup susy cuacct
[    0.000000] Linux version 4.40-30generic (buildd@lgw01-amd64-039) (gcc version 5.4.0 20160609 (Ubuntu 5.4.0-6ubuntu1~16.04.9) ) #156-Ubuntu SMP Thu Jun 14 08:53:28 UTC 2018 (Ubuntu 4.4.0-130.156geerc 4.4.134)
[    0.000000] Command line: BOOT_IMAGE=/boot/vmlinuz-4.4.0-130-generic root=LABEL=cloudimg-rootfs ro console=tty1 console=ttyS0
[    0.000000] KERNEL supported cpus:
[    0.000000]   Intel GenuineIntel
[    0.000000]   AMD AuthenticAMD
[    0.000000]   Centaur CenauHauls
[    0.000000] x86/fpu: xstate_offset[2]:  576, xstte_sizes[2]:  256
[   0.000000] x86/fpu: Supporting XSAVE feature 0x01: 'x87 floatngpont registers'
[    0.000000] x86/fpu: Supporting XSVEfeture 0x02: 'SSE registers'
[    0.000000] x86/fpu: Supporting XSAVE feature 0x04: 'AVX registrs
    0.000000] x86/fpu: Enabled xstate features 0x7, context size is 832 bytes, using 'standard' format.
[    0.000000] x86/fpu: Using 'eager' FPUcotet switches.
[    0.000000] e820: BIOS-provided physical RAM map:
[    0.000000] BIOS-e820: [mem 0x0000000000000000-0x000000000009fbff] usable
[    0.000000] BIOS-e820: [mem 0x000000000fc00-0x000000000009ffff] reserved
[    0.000000] BIOS-e820: [mem 0x00000000000f0000-0x00000000000fffff] reserved
[    0.000000] BIOS-e820: [mem 0x0000000000100000-0x000000003ffeffff] sale
[    0.000000] BIOS-e82: me 0x000000003fff0000-0x000000003fffffff] ACPI data
[    .000000] BIOS-e820: [mem 0x00000000fec00000-0x00000000fec00fff] reserved
[   0000000] BIOS-e820: [mem 0x00000000fee00000-0x00000000fee00fff] reserved
[    0.000000] BIOS-e820: [mem 0x00000000fffc0000-0x00000000ffffffff] reserved
[    0.00000] NX (Execute Dsable) protction: acte
[    0.000000] SMBIOS 5 resent.
[    0.000000] Hypervisor detected: KVM
[    0.000000] e820: last_pfn = 0x3fff0 maxarh_fn = 0x400000000
[    0.000000 MRR: Disabled
[    0.000000] x86/PAT: MTRs disbld,skippingPA iitialization too.
[    0.000000] CPU MTRRs all blank - virtualized system.
[    0.000000] x86/PAT: Configuration [0-7]: WB  WT  UC- UC  WB  WT  UC- UC  
[    0.000000] found SMP MP-table at [mem 0x0009fff0-0x0009ffff] mapped at [ffff88000009fff0]
[    0.000000] Scanning 1 areas for low memory corruption
[    0.000000] RAMDISK: [mem 0x36aa4000-0x37549fff]
[    0.000000] ACPI: Early table checksum verification disabled
[    0.000000] ACPI: RSDP 0x00000000000E0000 00004 (v02 VBOX  )
[    0.000000] ACPI: XSDT 0x000000003FFF003 0003C (v01 VBOX   VBOXXSDT 00000001 ASL  00000061)
[    0.000000] ACPI: FACP 0x000000003FFF00F0 0000F4 (v04 VBOX   VBOXFACP 00000001 ASL  00000061)
[    0.000000] ACPI: DSDT 0x000000003FFF0470 0021FF (v02 VBOX   VBOXBIOS 00000002 INTL 20100528)
[    0.000000] ACPI: FACS 0x000000003FFF0200 000040
[    0.000000] ACPI: FACS 0x000000003FFF0200 000040
[    0.000000] ACPI: APIC 0x000000003FFF0240 00005C (v02 VBOX  VBOXAPI 00000001AS  0000061)
[    0.000000] ACPI: SSDT 0x000000003FFF02A0 0001CC (v01 VBOX   VBOXCPUT 0000002 INTL 20100528)
[    0.000000] No NUMA configuration found
[    0.000000] Faking a node at [mem 0x00000000000000-x0000003ffeffff]
[    0.000000] NODE_DATA(0) allocated [mem 0x3ffeb000-0x3ffeffff]
[    0.000000] kvm-clock: Using msrs 4b564d01 and 4b564d00
[    0.000000] kvm-clock: cpu 0, msr 0:3ffe3001, primary cpu clock
[    0.000000] kvm-clock: using sched offset of 3533379074 cycles
[    0.000000] clocksource: kvm-coc: ask: 0xffffffffffffffff max_cycles: 0x1cd42e4dffb, max_idle_ns: 881590591483 ns
[    0.000000] Zone ranges:
[    0.00000]  MA      [mem 0x0000000000000-0x0000000000ffffff]
[    0.000000]   DMA32    [mem 0x0000000001000000-0x000000003ffeffff]
[    0.000000]   Normal   empy
[    0.000000]   evice   empty
[    0.000000] Movable znetart for each node
[    0.000000] Early memory node ranges
[    0.000000]   node   0: [mem 0x0000000000001000-0x00000000009eff]
[    0.000000]   node   0: [mem 0x0000000000100000-0x000000003ffeffff]
[    0.000000] Initmem setup node 0 [mem 0x0000000000001000-0x000000003ffeffff]
[    0.000000] ACPI: PM-Timer IO Port: 0x4008
[    0.000000] IOAPIC[0]: apic_id , ersion 32, address 0xfec00000, GSI 0-23
[    0.000000] AC: INTSR_OVR (bus 0 bs_irq 0 gbal_irq 2 dfl dfl)
[    0.000000] ACPI: INT_SRC_OVR (bus 0 bus_irq 9 global_irq 9 low level)
[    0.000000 Uin ACPI (MADT) for SMP cofiurtion information
[    0.000000] smpboot: Allowing 2 CPUs, 0 hotplug CPUs
[    0.000000] PM: Registered nosave memory: [mem 0x00000000-0x00000fff]
[    0.000000] PM: Registered nosave memory: [mem 0x0009f000-0x0009ffff]
[    0.000000] PM: Registered nosave memory: [mem 0x000a0000-0x000effff]
[    0.000000] PM: Registered nosave memory: [me0x00f0000-0x000fffff]
[    0.000000] e820: [mem 0x40000000-0xfebfffff] vailable for PCI devices
[    0.000000] Booting paravirtualized kernel on KVM
[    0.000000 cocksource: refined-jiffies: mask: 0xffffffff max_cycles: 0xffffffff, max_idle_ns: 7645519600211568 ns
[    0.00000 stup_percpu: NR_CPUS:512 nr_cpumask_bits:512 nr_cpu_ids:2 nrnoe_ds:1
[    0.000000] PERCPU: Embedded 34 pages/cpufff88003fc00 s99544 r8192 d31528 u1048576
[    0.000000] PV qspinlock hash table entries: 256 (order: 0, 4096 bytes)
[    0.000000] Built 1 zonelists in Node order, mobility grouping on.  Total pages: 257912
[    0.000000] Policy zone: DMA32
[    0.000000] Krnl ommand line BOTIMAGE=/boot/vmlinuz-4.4.0-130-generic root=LABEL=cloudimg-rootfroconsole=tty1 console=ttyS0
[    0.000000] PID hash table entries: 4096 (order: 3, 32768 bytes)
[   0000000] Memory: 1001612K/1048120K available (8546K kernel cod, 31K rwdata, 4000K rodata, 1516K init, 1316K bss, 658Kreserved, 0K cma-reserved)
[    0.000000] SLUB: HWalign=64, Order=0-3, MinObjects=0, CPUs=2, Nodes=1
[    0.000000] Kernel/User page tables isolation: enabled
[    0.000000] Hierarchical RCU implementatin.
[    0.000000] 	Build-time adjustment of leaf fanout to 64.
[    0.000000] 	RCU restricting CPUs frm R_CPUS=512 to nr_cpu_ids=2.
[    0.000000] RCU: Ajusting geometry for rcu_fanout_leaf=64, nr_cpu_ids=2
[    0.000000] NR_IRQS:33024 nr_irqs:440 16
[    0.000000] Console: colour VGA+ 80x25
[    0.000000] console [tty1] enabled
[    0.000000] console [ttyS0] enabled
[   0.000000] tsc: Detected 1599.999 MHz processor
[   3.143506] Calibrating delay loop (skipped) preset value.. 3199.99 BogoMIPS (lpj=6399996)
[    3.178508] pid_max: default: 32768 minimum: 301
[    3.200779] ACPI: Core revision 20150930
[    3.230383] ACPI: 2 ACPI AML tables successfully acquired and loaded
[    3.297879] Security Framework initialized
[    3.328984] Yama: becoming mindful.
[    3.335086] AppArmor: AppArmor initialized
[    3.336894] Dentry cache hash table entries: 131072 (order: 8, 1048576 bytes)
[    3.349679] Inode-cache hash table entries: 65536 (order: 7, 524288 bytes)
[    3.357764] Mount-cache hash table entries: 2048 (order: 2, 16384 bytes)
[    3.365108] Mountpoint-cache hash table entries: 2048 (order: 2, 16384 bytes)
[    3.373940] Initializing cgroup subsys io
[    3.377900] Initializing cgroup subsys memory
[    3.388262] Initializing cgroup subsys devices
[    3.397289] Initializing cgroup subsys freezer
[    3.405433] Initializing cgroup subsys net_cls
[    3.413918] Initializing cgroup subsys perf_event
[    3.428909] Initializing cgroup subsys net_prio
[    3.433825] Initializing cgroup subsys hugetlb
[    3.441153] Initializing cgroup subsys pids
[    3.450973] CPU: Physical Processor ID: 0
[    3.456741] CPU: Processor Core ID: 0
[    3.460268] mce: CPU supports 0 MCE banks
[    3.464353] Last level iTLB entries: 4KB 64, 2MB 8, 4MB 8
[    3.469929] Last level dTLB entries: 4KB 64, 2MB 0, 4MB 0, 1GB 4
[    3.471944] Spectre V2 : Mitigation: Full generic retpoline
[    3.484940] Spectre V2 : Speculation control IBPB not-supported IBRS not-supported
[    3.498459] Speculative Store Bypass: Vulnerable
[    3.511398] Freeing SMP alternatives memory: 32K
[    3.523065] ftrace: allocating 32245 entries in 126 pages
[    3.589889] smpboot: APIC(0) Converting physical 0 to logical package 0
[    3.600177] smpboot: Max logical packages: 1
[    3.605643] x2apic enabled
[    3.609804] Switched APIC routing to physical x2apic.
[    3.615327] ..TIMER: vector=0x30 apic1=0 pin1=2 apic2=-1 pin2=-1
[    3.732985] smpboot: CPU0: Intel(R) Core(TM) i5-5250U CPU @ 1.60GHz (family: 0x6, model: 0x3d, stepping: 0x4)
[    3.759413] Performance Events: unsupported p6 CPU model 61 no PMU driver, software events only.
[    3.774246] KVM setup paravirtual spinlock
[    3.785390] x86: Booting SMP configuration:
[    3.795145] .... node  #0, CPUs:      #1
[    3.801837] kvm-clock: cpu 1, msr 0:3ffe3041, secondary cpu clock
[    3.853744] mce: CPU supports 0 MCE banks
[    3.881009] x86: Booted up 1 node, 2 CPUs
[    3.891039] smpboot: Total of 2 processors activated (6399.99 BogoMIPS)
[    3.896291] devtmpfs: initialized
[    3.900228] evm: security.selinux
[    3.904527] evm: security.SMACK64
[    3.910209] evm: security.SMACK64EXEC
[    3.914725] evm: security.SMACK64TRANSMUTE
[    3.921961] evm: security.SMACK64MMAP
[    3.925320] evm: security.ima
[    3.929947] evm: security.capability
[    3.944275] clocksource: jiffies: mask: 0xffffffff max_cycles: 0xffffffff, max_idle_ns: 7645041785100000 ns
[    3.947506] futex hash table entries: 512 (order: 3, 32768 bytes)
[    3.955053] pinctrl core: initialized pinctrl subsystem
[    3.960567] RTC time: 22:06:26, date: 07/16/18
[    3.966585] NET: Registered protocol family 16
[    3.990122] cpuidle: using governor ladder
[    4.006271] cpuidle: using governor menu
[    4.016703] PCCT header not found.
[    4.022098] ACPI: bus type PCI registered
[    4.027103] acpiphp: ACPI Hot Plug PCI Controller Driver version: 0.5
[    4.034436] PCI: Using configuration type 1 for base access
[    4.055598] ACPI: Added _OSI(Module Device)
[    4.057921] ACPI: Added _OSI(Processor Device)
[    4.064977] ACPI: Added _OSI(3.0 _SCP Extensions)
[    4.067802] ACPI: Added _OSI(Processor Aggregator Device)
[    4.074983] ACPI: Executed 1 blocks of module-level executable AML code
[    4.089985] ACPI: Interpreter enabled
[    4.094660] ACPI: (supports S0 S5)
[    4.098980] ACPI: Using IOAPIC for interrupt routing
[    4.110837] PCI: Using host bridge windows from ACPI; if necessary, use "pci=nocrs" and report a bug
[    4.132085] ACPI: PCI Root Bridge [PCI0] (domain 0000 [bus 00-ff])
[    4.140703] acpi PNP0A03:00: _OSC: OS supports [ASPM ClockPM Segments MSI]
[    4.144463] acpi PNP0A03:00: _OSC: not requesting OS control; OS requires [ExtendedConfig ASPM ClockPM MSI]
[    4.155298] acpi PNP0A03:00: fail to add MMCONFIG information, can't access extended PCI configuration space under this bridge.
[    4.167568] PCI host bridge to bus 0000:00
[    4.179677] pci_bus 0000:00: root bus resource [io  0x0000-0x0cf7 window]
[    4.192256] pci_bus 0000:00: root bus resource [io  0x0d00-0xffff window]
[    4.201295] pci_bus 0000:00: root bus resource [mem 0x000a0000-0x000bffff window]
[    4.211706] pci_bus 0000:00: root bus resource [mem 0x40000000-0xfdffffff window]
[    4.236947] pci_bus 0000:00: root bus resource [bus 00-ff]
[    4.251537] pci 0000:00:01.1: legacy IDE quirk: reg 0x10: [io  0x01f0-0x01f7]
[    4.262904] pci 0000:00:01.1: legacy IDE quirk: reg 0x14: [io  0x03f6]
[    4.267347] pci 0000:00:01.1: legacy IDE quirk: reg 0x18: [io  0x0170-0x0177]
[    4.287034] pci 0000:00:01.1: legacy IDE quirk: reg 0x1c: [io  0x0376]
[    4.311955] pci 0000:00:07.0: quirk: [io  0x4000-0x403f] claimed by PIIX4 ACPI
[    4.326989] pci 0000:00:07.0: quirk: [io  0x4100-0x410f] claimed by PIIX4 SMB
[    4.343615] ACPI: PCI Interrupt Link [LNKA] (IRQs 5 9 10 *11)
[    4.352622] ACPI: PCI Interrupt Link [LNKB] (IRQs 5 9 *10 11)
[    4.356671] ACPI: PCI Interrupt Link [LNKC] (IRQs 5 *9 10 11)
[    4.386697] ACPI: PCI Interrupt Link [LNKD] (IRQs 5 9 10 *11)
[    4.399840] ACPI: Enabled 2 GPEs in block 00 to 07
[    4.412685] vgaarb: setting as boot device: PCI:0000:00:02.0
[    4.438097] vgaarb: device added: PCI:0000:00:02.0,decodes=io+mem,owns=io+mem,locks=none
[    4.442281] vgaarb: loaded
[    4.450221] vgaarb: bridge control possible 0000:00:02.0
[    4.463470] SCSI subsystem initialized
[    4.470885] ACPI: bus type USB registered
[    4.479166] usbcore: registered new interface driver usbfs
[    4.484197] usbcore: registered new interface driver hub
[    4.491087] usbcore: registered new device driver usb
[    4.497408] PCI: Using ACPI for IRQ routing
[    4.505115] NetLabel: Initializing
[    4.507627] NetLabel:  domain hash size = 128
[    4.514682] NetLabel:  protocols = UNLABELED CIPSOv4
[    4.531100] NetLabel:  unlabeled traffic allowed by default
[    4.540936] amd_nb: Cannot enumerate AMD northbridges
[    4.544051] clocksource: Switched to clocksource kvm-clock
[   4.6063 ApAmo: pprmr ilsyte Eabed
[   .9561]pn: nPACI ni
   5279019] pnp: PP CP: found 3 devces

[    5.494987] clocksource: acpi_pm: mask: 0xffffff max_cycles: 0xffffff, max_idle_ns: 2085701024 ns
[    5.568094] NET: Registered protocol family 2
[    5.571819] TCP established hash table entries: 8192 (order: 4, 65536 bytes)
[    5.585395] TCP bind hash table entries: 8192 (order: 5, 131072 bytes)
[    5.592967] TCP: Hash tables configured (established 8192 bind 8192)
[    5.601787] UDP hash table entries: 512 (order: 2, 16384 bytes)
[    5.605772] UDP-Lite hash table entries: 512 (order: 2, 16384 bytes)
[    5.615873] NET: Registered protocol family 1
[    5.634791] pci 0000:00:00.0: Limiting direct PCI/PCI transfers
[    5.666094] pci 0000:00:01.0: Activating ISA DMA hang workarounds
[    5.676784] Unpacking initramfs...
[    7.823240] Freeing initrd memory: 10904K
[    7.835466] RAPL PMU detected, API unit is 2^-32 Joules, 4 fixed counters 10737418240 ms ovfl timer
[    7.841647] hw unit of domain pp0-core 2^-0 Joules
[    7.845602] hw unit of domain package 2^-0 Joules
[    7.847452] hw unit of domain dram 2^-0 Joules
[    7.850442] hw unit of domain pp1-gpu 2^-0 Joules
[    7.854704] platform rtc_cmos: registered platform RTC device (no PNP device found)
[    7.876176] Scanning for low memory corruption every 60 seconds
[    7.913720] audit: initializing netlink subsys (disabled)
[    7.924593] audit: type=2000 audit(1531778791.532:1): initialized
[    7.932119] Initialise system trusted keyring
[    7.933969] HugeTLB registered 2 MB page size, pre-allocated 0 pages
[    7.952292] zbud: loaded
[    7.956437] VFS: Disk quotas dquot_6.6.0
[    7.962479] VFS: Dquot-cache hash table entries: 512 (order 0, 4096 bytes)
[   .966546] squashfs: version 4.0 (2009/01/31) Phillip Lougher
[    8.041639] fuse init (API version 73)

[   .119992] Key type big_key registered
[   .1070] Allocating IMA MOK and blacklist keyrings.

[    8.300402] Key type asymmetric registered
[    8.301889] Asymmetric key parser 'x509' registered
[    8.303536] Block layer SCSI generic (bsg) driver version 0.4 loaded (major 249)
[    8.321672] io scheduler noop registered
[    8.323193] io scheduler deadline registered (default)
[    8.333300] io scheduler cfq registered
[    8.336189] pci_hotplug: PCI Hot Plug PCI Core version: 0.5
[    8.349497] pciehp: PCI Express Hot Plug Controller Driver version: 0.4
[   .364286] ACPI: AC Adapter [AC] (off-line)
[   8.415804] input: Power Button as /devices/LNXSYSTM:00/LNXPWRBN:00/input/input0
[   .4080]ACI:PoerButo [WR]
[    8.835601]npt:SlepButo a /evce/LXSST:0/LXSPB:0/ipu/input1
[    8.852423] tsc: Refined TSC clocksource calibration: 1599.987 MHz
[    8.852427] clocksource: tsc msk 0ffffffffffff max_cycles: 0x171018c5a92, max_idle_ns: 440795282975 ns
[    9.686712] ACPI: Sleep Button [SLPF]
[    9.689898] ACPI: Battery Slot [BAT0] (battery present)
[    9.6436]GHS:HEST is not enabled!
[    9.846938] Serial: 8250/16550 driver, 32 ports, IRQ sharing enabled
[    9.873523] 00:02: ttyS0 at I/O 0x3f8 (irq = 4, base_baud = 115200) is a 16550A
[    9.882813] Linux agpgart interface v0.103
[    9.893416] loop: module loaded
[    9.898789] scsi host0: ata_piix
[    9.904723] scsi host1: ata_piix
[    9.920620] ata1: PATA max UDMA/33 cmd 0x1f0 ctl 0x3f6 bmdma 0xd000 irq 14
[    9.990201] ata2: PATA max UDMA/33 cmd 0x170 ctl 0x376 bmdma 0xd008 irq 15
[   10.046500] libphy: Fixed MDIO Bus: probed
[   10.057920] tun: Universal TUN/TAP device driver, 1.6
[   10.074831] tun: (C) 1999-2004 Max Krasnyansky <maxk@qualcomm.com>
[   10.084734] PPP generic driver version 2.4.2
[   10.124989] ehci_hcd: USB 2.0 'Enhanced' Host Controller (EHCI) Driver
[   10.173880] ehci-pci: EHCI PCI platform driver
[   10.176887] ehci-platform: EHCI generic platform driver
[   10.181974] ohci_hcd: USB 1.1 'Open' Host Controller (OHCI) Driver
[   10.186118] ohci-pci: OHCI PCI platform driver
[   10.192900] ohci-platform: OHCI generic platform driver
[   10.205292] uhci_hcd: USB Universal Host Controller Interface driver
[   10.207609] i8042: PNP: PS/2 Controller [PNP0303:PS2K,PNP0f03:PS2M] at 0x60,0x64 irq 1,12
[   10.227417] serio: i8042 KBD port at 0x60,0x64 irq 1
[   10.240194] serio: i8042 AUX port at 0x60,0x64 irq 12
[   10.256325] mousedev: PS/2 mouse device common for all mice
[   10.262242] rtc_cmos rtc_cmos: rtc core: registered rtc_cmos as rtc0
[   10.273580] input: AT Translated Set 2 keyboard as /devices/platform/i8042/serio0/input/input2
[   10.282708] rtc_cmos rtc_cmos: alarms up to one day, 114 bytes nvram
[   10.296642] i2c /dev entries driver
[   10.298109] device-mapper: uevent: version 1.0.3
[   10.300173] device-mapper: ioctl: 4.34.0-ioctl (2015-10-28) initialised: dm-devel@redhat.com
[   10.313948] ledtrig-cpu: registered to indicate activity on CPUs
[   10.318599] NET: Registered protocol family 10
[   10.327498] NET: Registered protocol family 17
[   10.333064] Key type dns_resolver registered
[   10.339102] registered taskstats version 1
[   10.345300] Loading compiled-in X.509 certificates
[   10.353860] Loaded X.509 cert 'Build time autogenerated kernel key: b3e0fe4bcd6378c38a2c0a4648abbc1fa5043a22'
[  1.35411] zswap: loade uinpol zo/zbud

[   10.622593] Key type trusted registered
[   10.634285] Key type encrypted registered
[   10.642489] AppArmor: AppArmor sha1 policy hashing enabled
[   10.645926] ima: No TPM chip found, activating TPM-bypass!
[   10.657051] ima: Allocated hash algorithm: sha1
[   10.662002] evm: HMAC attrs: 0x1
[   10.665395]   Magic number: 10:607:148
[   10.666973] rtc_cmos rtc_cmos: setting system clock to 2018-07-16 22:06:33 UTC (1531778793)
[   10.675808] BIOS EDD facility v0.1 2004-Jun-25, 0 devices found
[  1.7430]EDD information not available.
[   10.855166] Freeing unused kernel memory: 1516K
[   11.444197] Write protecting the kernel read-only data: 14336k
[   11.462659] Freeing unused kernel memory: 1680K
[   11.859482] Freeing unused kernel memory: 96K
Loading, please wait...
starting version[   12.085258] random: systemd-udevd: uninitialized urandom read (16 bytes read, 7 bits of entropy available)
 229
[   12.085836] random: udevadm: uninitialized urandom read (16 bytes read, 7 bits of entropy available)
[   12.085863] random: udevadm: uninitialized urandom read (16 bytes read, 7 bits of entropy available)
[   12.098239] random: udevadm: uninitialized urandom read (16 bytes read, 7 bits of entropy available)
[   12.098297] random: udevadm: uninitialized urandom read (16 bytes read, 7 bits of entropy available)
[   12.098450] random: udevadm: uninitialized urandom read (16 bytes read, 7 bits of entropy available)
[   12.098504] random: udevadm: uninitialized urandom read (16 bytes read, 7 bits of entropy available)
[   12.098558] random: udevadm: uninitialized urandom read (16 bytes read, 7 bits of entropy available)
[   12.098612] random: udevadm: uninitialized urandom read (16 bytes read, 7 bits of entropy available)
[   12.098662] random: udevadm: uninitialized urandom read (16 bytes read, 7 bits of entropy available)
[   12.485983] Fusion MPT base driver 3.04.20
[   12.487326] Copyright (c) 1999-2008 LSI Corporation
[   12.501900] e1000: Intel(R) PRO/1000 Network Driver - version 7.3.21-k8-NAPI
[   12.504521] e1000: Copyright (c) 1999-2006 Intel Corporation.
[   12.517588] Fusion MPT SPI Host driver 3.04.20
[   12.541717] AVX2 version of gcm_enc/dec engaged.
[   12.544877] AES CTR mode by8 optimization enabled
[   12.702935] input: ImExPS/2 Generic Explorer Mouse as /devices/platform/i8042/serio1/input/input4
[   12.909453] e1000 0000:00:03.0 eth0: (PCI:33MHz:32-bit) 02:c5:fa:e6:4f:6d
[   12.914215] e1000 0000:00:03.0 eth0: Intel(R) PRO/1000 Network Connection
[   13.393005] e1000 0000:00:08.0 eth1: (PCI:33MHz:32-bit) 08:00:27:d6:51:70
[   13.471185] e1000 0000:00:08.0 eth1: Intel(R) PRO/1000 Network Connection
[   13.481147] mptbase: ioc0: Initiating bringup
[   13.485456] e1000 0000:00:03.0 enp0s3: renamed from eth0
[   13.509045] e1000 0000:00:08.0 enp0s8: renamed from eth1
[   13.560644] ioc0: LSI53C1030 A0: Capabilities={Initiator}
[   13.753700] scsi host2: ioc0: LSI53C1030 A0, FwRev=00000000h, Ports=1, MaxQ=256, IRQ=20
[   13.874575] scsi 2:0:0:0: Direct-Access     VBOX     HARDDISK         1.0  PQ: 0 ANSI: 5
[   14.317315] scsi target2:0:0: Beginning Domain Validation
[   14.321313] scsi target2:0:0: Domain Validation skipping write tests
[   14.334955] scsi target2:0:0: Ending Domain Validation
[   14.345429] scsi target2:0:0: asynchronous
[   14.356340] scsi 2:0:1:0: Direct-Access     VBOX     HARDDISK         1.0  PQ: 0 ANSI: 5
[   14.459147] scsi target2:0:1: Beginning Domain Validation
[   14.576351] scsi target2:0:1: Domain Validation skipping write tests
[   14.588306] scsi target2:0:1: Ending Domain Validation
[   14.595736] scsi target2:0:1: asynchronous
[   14.607220] sd 2:0:0:0: [sda] 20971520 512-byte logical blocks: (10.7 GB/10.0 GiB)
[   14.618046] sd 2:0:0:0: Attached scsi generic sg0 type 0
[   14.622643] sd 2:0:0:0: [sda] Write Protect is off
[   14.626359] sd 2:0:1:0: Attached scsi generic sg1 type 0
[   14.626366] sd 2:0:1:0: [sdb] 20480 512-byte logical blocks: (10.5 MB/10.0 MiB)
[   14.626393] sd 2:0:0:0: [sda] Incomplete mode parameter data
[   14.626395] sd 2:0:0:0: [sda] Assuming drive cache: write through
[   14.650689] sd 2:0:1:0: [sdb] Write Protect is off
[   14.655764]  sda: sda1
[   14.661332] sd 2:0:0:0: [sda] Attached SCSI disk
[   14.683558] sd 2:0:1:0: [sdb] Incomplete mode parameter data
[   14.701377] sd 2:0:1:0: [sdb] Assuming drive cache: write through
[   14.717633] sd 2:0:1:0: [sdb] Attached SCSI disk
Begin: Loading essential drivers ... [   16.197174] md: linear personality registered for level -1
[   16.202696] md: multipath personality registered for level -4
[   16.235802] md: raid0 personality registered for level 0
[   16.262463] md: raid1 personality registered for level 1
[   16.364056] raid6: sse2x1   gen()  7498 MB/s
[   16.456081] raid6: sse2x1   xor()  6178 MB/s
[   16.532259] raid6: sse2x2   gen() 10494 MB/s
[   16.604291] raid6: sse2x2   xor()  6435 MB/s
[   16.676473] raid6: sse2x4   gen() 11943 MB/s
[   16.748134] raid6: sse2x4   xor()  6391 MB/s
[   16.864571] raid6: avx2x1   gen() 13249 MB/s
[   16.932077] raid6: avx2x2   gen() 17200 MB/s
[   17.008609] raid6: avx2x4   gen() 21817 MB/s
[   17.017112] raid6: using algorithm avx2x4 gen() 21817 MB/s
[   17.030979] raid6: using avx2x2 recovery algorithm
[   17.035276] xor: automatically using best checksumming function:
[   17.096473]    avx       : 34861.000 MB/sec
[   17.116494] async_tx: api initialized (async)
[   17.136193] md: raid6 personality registered for level 6
[   17.145125] md: raid5 personality registered for level 5
[   17.156793] md: raid4 personality registered for level 4
[   17.172758] md: raid10 personality registered for level 10
done.
Begin: Running /scripts/init-premount ... done.
Begin: Mounting root file system ... Begin: Running /scripts/local-top ... done.
Begin: Running /scripts/l[   17.224280] Btrfs loaded
ocal-premount ... Scanning for Btrfs filesystems
done.
Warning: fsck not present, so skipping root file system
[   17.319992] EXT4-fs (sda1): mounted filesystem with ordered data mode. Opts: (null)
done.
Begin: Running /scripts/local-bottom ... done.
Begin: Running /scripts/init-bottom ... done.
[   17.608083] systemd[1]: systemd 229 running in system mode. (+PAM +AUDIT +SELINUX +IMA +APPARMOR +SMACK +SYSVINIT +UTMP +LIBCRYPTSETUP +GCRYPT +GNUTLS +ACL +XZ -LZ4 +SECCOMP +BLKID +ELFUTILS +KMOD -IDN)
[   17.622544] systemd[1]: Detected virtualization oracle.
[   17.626276] systemd[1]: Detected architecture x86-64.

Welcome to [1mUbuntu 16.04.4 LTS[0m!

[   17.647166] systemd[1]: Set hostname to <ubuntu-xenial>.
[   17.959389] systemd[1]: Listening on LVM2 poll daemon socket.
[[0;32m  OK  [0m] Listening on LVM2 poll daemon socket.
[   17.969060] systemd[1]: Listening on udev Kernel Socket.
[[0;32m  OK  [0m] Listening on udev Kernel Socket.
[   17.989177] systemd[1]: Listening on Syslog Socket.
[[0;32m  OK  [0m] Listening on Syslog Socket.
[   18.011786] systemd[1]: Set up automount Arbitrary Executable File Formats File System Automount Point.
[[0;32m  OK  [0m] Set up automount Arbitrary Executab...ats File System Automount Point.
[   18.049700] systemd[1]: Reached target Encrypted Volumes.
[[0;32m  OK  [0m] Reached target Encrypted Volumes.
[   18.073694] systemd[1]: Reached target System Time Synchronized.
[[0;32m  OK  [0m] Reached target System Time Synchronized.
[   18.121570] systemd[1]: Started Trigger resolvconf update for networkd DNS.
[[0;32m  OK  [0m] Started Trigger resolvconf update for networkd DNS.
[   18.176800] systemd[1]: Listening on Journal Socket (/dev/log).
[[0;32m  OK  [0m] Listening on Journal Socket (/dev/log).
[   18.212517] systemd[1]: Listening on /dev/initctl Compatibility Named Pipe.
[[0;32m  OK  [0m] Listening on /dev/initctl Compatibility Named Pipe.
[   18.249079] systemd[1]: Listening on Device-mapper event daemon FIFOs.
[[0;32m  OK  [0m] Listening on Device-mapper event daemon FIFOs.
[   18.295494] systemd[1]: Created slice System Slice.
[[0;32m  OK  [0m] Created slice System Slice.
[   18.320693] systemd[1]: Created slice system-serial\x2dgetty.slice.
[[0;32m  OK  [0m] Created slice system-serial\x2dgetty.slice.
[   18.363646] systemd[1]: Listening on udev Control Socket.
[[0;32m  OK  [0m] Listening on udev Control Socket.
[   18.410702] systemd[1]: Created slice User and Session Slice.
[[0;32m  OK  [0m] Created slice User and Session Slice.
[   18.440524] systemd[1]: Reached target Slices.
[[0;32m  OK  [0m] Reached target Slices.
[   18.473132] systemd[1]: Listening on LVM2 metadata daemon socket.
[[0;32m  OK  [0m] Listening on LVM2 metadata daemon socket.
[   18.504696] systemd[1]: Reached target User and Group Name Lookups.
[[0;32m  OK  [0m] Reached target User and Group Name Lookups.
[   18.549638] systemd[1]: Listening on Journal Audit Socket.
[[0;32m  OK  [0m] Listening on Journal Audit Socket.
[   18.571342] systemd[1]: Started Forward Password Requests to Wall Directory Watch.
[[0;32m  OK  [0m] Started Forward Password Requests to Wall Directory Watch.
[   18.597099] systemd[1]: Reached target Swap.
[[0;32m  OK  [0m] Reached target Swap.
[   18.617927] systemd[1]: Listening on Journal Socket.
[[0;32m  OK  [0m] Listening on Journal Socket.
[   18.672842] systemd[1]: Starting Create list of required static device nodes for the current kernel...
         Starting Create list of required st... nodes for the current kernel...
[   18.713294] systemd[1]: Mounting Huge Pages File System...
         Mounting Huge Pages File System...
[   18.723237] systemd[1]: Mounting Debug File System...
         Mounting Debug File System...
[   18.764702] systemd[1]: Starting Nameserver information manager...
         Starting Nameserver information manager...
[   18.801269] random: nonblocking pool is initialized
[   18.820342] systemd[1]: Starting Load Kernel Modules...
         Starting Load Kernel Modules...
[   18.841650] systemd[1]: Starting Uncomplicated firewall...
         Startin[   18.885822] Loading iSCSI transport class v2.0-870.
g Uncomplicated firewall...
[   18.904580] iscsi: registered transport (tcp)
[   18.905427] systemd[1]: Starting Remount Root and Kernel File Systems...
         Starting Remount Root and Kernel File S[   18.917171] EXT4-fs (sda1): re-mounted. Opts: (null)
ystems...
[   18.933183] systemd[1]: Starting Set console keymap...
         Starting Set console keymap...
[   18.989493] iscsi: registered transport (iser)
[ 190455] ysem[1: tarting Journal Service...

         Starting Journal Service...
[   19.320059] systemd[1]: Mounting POSIX Message Queue File System...
         Mounting POSIX Message Queue File System...
[   19.346186] systemd[1]: Starting Monitoring of LVM2 mirrors, snapshots etc. using dmeventd or progress polling...
         Starting Monitoring of LVM2 mirrors... dmeventd or progress polling...
[   19.382306] systemd[1]: Mounted POSIX Message Queue File System.
[[0;32m  OK  [0m] Mounted POSIX Message Queue File System.
[   19.417059] systemd[1]: Mounted Huge Pages File System.
[[0;32m  OK  [0m] Mounted Huge Pages File System.
[   19.434522] systemd[1]: Mounted Debug File System.
[[0;32m  OK  [0m] Mounted Debug File System.
[   19.440681] systemd[1]: Started Journal Service.
[[0;32m  OK  [0m] Started Journal Service.
[[0;32m  OK  [0m] Started Create list of required sta...ce nodes for the current kernel.
[[0;32m  OK  [0m] Started Load Kernel Modules.
[[0;32m  OK  [0m] Started Uncomplicated firewall.
[[0;32m  OK  [0m] Started Remount Root and Kernel File Systems.
[[0;32m  OK  [0m] Started Set console keymap.
[[0;32m  OK  [0m] Started Nameserver information manager.
[[0;32m  OK  [0m] Started LVM2 metadata daemon.
         Starting udev Coldplug all Devices...
         Starting Load/Save Random Seed...
         Starting Apply Kernel Variables...
         Mounting FUSE Control File System...
         Starting Create Static Device Nodes in /dev...
         Starting Flush Journal to Persistent Storage...
[[0;32m  OK  [0m] Mounted FUSE Control File System.
[[0;32m  OK  [0m] Started Monitoring of LVM2 mirrors,...ng dmeventd or progress polling.
[[0;32m  OK  [0m] Started Load/Save Random Seed.
[[0;32m  OK  [0m] Started Apply Kernel Variables.
[[0;32m  OK  [0m] Started Create Static Device Nodes in /dev.
[[0;32m  OK  [0m] Started udev Coldplug all Devices.
[[0;32m  OK  [0m] Started Flush Journal to Persistent Storage.
         Starting udev Kernel Device Manager...
[[0;32m  OK  [0m] Started udev Kernel Device Manager.
[[0;32m  OK  [0m] Reached target Local File Systems (Pre).
[[0;32m  OK  [0m] Reached target Local File Systems.
         Starting Set console font and keymap...
         Starting LSB: AppArmor initialization...
         Starting Initial cloud-init job (pre-networking)...
         Starting Create Volatile Files and Directories...
         Starting Tell Plymouth To Write Out Runtime Data...
[[0;32m  OK  [0m] Started Dispatch Password Requests to Console Directory Watch.
[[0;32m  OK  [0m] Started Create Volatile Files and Directories.
[[0;32m  OK  [0m] Started Tell Plymouth To Write Out Runtime Data.
[[0;32m  OK  [0m] Found device /dev/ttyS0.
[[0;32m  OK  [0m] Listening on Load/Save RF Kill Switch Status /dev/rfkill Watch.
         Starting Update UTMP about System Boot/Shutdown...
[[0;32m  OK  [0m] Started Set console font and keymap.
[[0;32m  OK  [0m] Started LSB: AppArmor initialization.
[[0;32m  OK  [0m] Created slice system-getty.slice.
[[0;32m  OK  [0m] Started Update UTMP about System Boot/Shutdown.
[   18.641774] cloud-init[538]: Cloud-init v. 18.2 running 'init-local' at Mon, 16 Jul 2018 22:06:44 +0000. Up 18.09 seconds.
[[0;32m  OK  [0m] Started Initial cloud-init job (pre-networking).
[[0;32m  OK  [0m] Reached target Network (Pre).
         Starting Raise network interfaces...
[[0;32m  OK  [0m] Started ifup for enp0s3.
[[0;32m  OK  [0m] Started Raise network interfaces.
         Starting Initial cloud-init job (metadata service crawler)...
[[0;32m  OK  [0m] Reached target Network.
[   19.839786] cloud-init[1003]: Cloud-init v. 18.2 running 'init' at Mon, 16 Jul 2018 22:06:45 +0000. Up 19.23 seconds.
[   19.857827] cloud-init[1003]: ci-info: ++++++++++++++++++++++++++++++++++++++Net device info++++++++++++++++++++++++++++++++++++++
[   19.867445] cloud-init[1003]: ci-info: +--------+-------+----------------------------+---------------+-------+-------------------+
[   19.885277] cloud-init[1003]: ci-info: | Device |   Up  |          Address           |      Mask     | Scope |     Hw-Address    |
[   19.903554] cloud-init[1003]: ci-info: +--------+-------+----------------------------+---------------+-------+-------------------+
[   19.923475] cloud-init[1003]: ci-info: | enp0s3 |  True |         10.0.2.15          | 255.255.255.0 |   .   | 02:c5:fa:e6:4f:6d |
[   19.939450] cloud-init[1003]: ci-info: | enp0s3 |  True | fe80::c5:faff:fee6:4f6d/64 |       .       |  link | 02:c5:fa:e6:4f:6d |
[[0;32m  OK  [0m] Started Initial cloud-init job (metadata service crawler).
[[0;32m  OK  [0m] Reached target System Initialization.
[   19.978348] cloud-init[1003]: ci-info: | enp0s8 | False |             .              |       .       |   .   | 08:00:27:d6:51:70 |
[   20.054667] [cloud-init[0;32m  OK  [0m[1003]: ] ci-info: |   lo   |  True |         127.0.0.1          |   255.0.0.0   |   .   |         .         |Started ACPI Events Check.

[[0;32m  OK  [0m] Reached target Paths.
[[0;32m  OK  [0m] Listening on UUID daemon activation socket.
[[0;32m  OK  [0m] Started Daily Cleanup of Temporary Directories.
[   20.055836] cloud-init[1003]: ci-info: |   lo   |  True |          ::1/128           |       .       |  host |         .         |
[   20.127019] cloud-init[1003]: ci-info: +--------+-------+----------------------------+---------------+-------+-------------------+
         Starting Socket activation for snappy daemon.
[[0;32m  OK  [0m] Listening on D-Bus System Message Bus Socket.
[   20.131148] cloud-init[1003]: ci-info: +++++++++++++++++++++++++++Route IPv4 info++++++++++++++++++++++++++++
[   20.226073]          cloud-initStarting LXD - unix socket.[1003]: 
ci-info: +-------+-------------+----------+---------------+-----------+-------+
[   20.235700] cloud-init[1003]: ci-info: | Route | Destination | Gateway  |    Genmask    | Interface | Flags |
[[0;32m  OK  [0m] Listening on ACPID Listen Socket.
[   20.236607] cloud-init[1003]: ci-info: +-------+-------------+----------+---------------+-----------+-------+
[   20.408690] [cloud-init[0;32m  OK  [0m[1003]: ] ci-info: |   0   |   0.0.0.0   | 10.0.2.2 |    0.0.0.0    |   enp0s3  |   UG  |Started Daily apt download activities.

[   20.521210] [cloud-init[0;32m  OK  [0m[1003]: ] ci-info: |   1   |   10.0.2.0  | 0.0.0.0  | 255.255.255.0 |   enp0s3  |   U   |Started Daily apt upgrade and clean activities.

[[0;32m  OK  [0m] Reached target Timers.
[[0;32m  OK  [0m] Reached target Cloud-config availability.
[   20.522280] cloud-init[1003]: ci-info: +-------+-------------+----------+---------------+-----------+-------+
[[0;32m  OK  [0m] Reached target Network is Online.
         Starting iSCSI initiator daemon (iscsid)...
[[0;32m  OK  [0m] Listening on Socket activation for snappy daemon.
[[0;32m  OK  [0m] Listening on LXD - unix socket.
[[0;32m  OK  [0m] Reached target Sockets.
[[0;32m  OK  [0m] Reached target Basic System.
         Starting LSB: MD monitoring daemon...
         Starting LXD - container startup/shutdown...
[[0;32m  OK  [0m] Started D-Bus System Message Bus.
         Starting /etc/rc.local Compatibility...
         Starting LSB: Record successful boot for GRUB...
         Starting OpenBSD Secure Shell server...
         Starting Login Service...
         Starting A high performance web server and a reverse proxy server...
         Starting Accounts Service...
[[0;32m  OK  [0m] Started Unattended Upgrades Shutdown.
[[0;32m  OK  [0m] Started FUSE filesystem for LXC.
[[0;32m  OK  [0m] Started ACPI event daemon.
         Starting Virtualbox guest utils...
[[0;32m  OK  [0m] Started Regular background program processing daemon.
         Starting Apply the settings specified in cloud-config...
[[0;32m  OK  [0m] Started Deferred execution scheduler.
         Starting System Logging Service...
         Starting Snappy daemon...
[[0;32m  OK  [0m] Started OpenBSD Secure Shell server.
[[0;32m  OK  [0m] Started iSCSI initiator daemon (iscsid).
[[0;32m  OK  [0m] Started LXD - container startup/shutdown.
[[0;32m  OK  [0m] Started /etc/rc.local Compatibility.
[[0;32m  OK  [0m] Started System Logging Service.
[[0;32m  OK  [0m] Started A high performance web server and a reverse proxy server.
[[0;32m  OK  [0m] Started LSB: MD monitoring daemon.
[[0;32m  OK  [0m] Started LSB: Record successful boot for GRUB.
[[0;32m  OK  [0m] Started Login Service.
         Starting Authenticate and Authorize Users to Run Privileged Tasks...
         Starting Login to default iSCSI targets...
[[0;32m  OK  [0m] Started Virtualbox guest utils.
[[0;32m  OK  [0m] Started Authenticate and Authorize Users to Run Privileged Tasks.
[[0;32m  OK  [0m] Started Snappy daemon.
[[0;32m  OK  [0m] Started Accounts Service.
         Starting Wait until snapd is fully seeded...
[   21.950282] cloud-init[1109]: Cloud-init v. 18.2 running 'modules:config' at Mon, 16 Jul 2018 22:06:48 +0000. Up 21.69 seconds.
[[0;32m  OK  [0m] Started Login to default iSCSI targets.
[[0;32m  OK  [0m] Started Apply the settings specified in cloud-config.
[[0;32m  OK  [0m] Started Wait until snapd is fully seeded.
[[0;32m  OK  [0m] Reached target Remote File Systems (Pre).
[[0;32m  OK  [0m] Reached target Remote File Systems.
         Starting Permit User Sessions...
         Starting LSB: automatic crash report generation...
         Starting LSB: Set the CPU Frequency Scaling governor to "ondemand"...
         Starting LSB: daemon to balance interrupts for SMP systems...
[[0;32m  OK  [0m] Started Permit User Sessions.
         Starting Terminate Plymouth Boot Screen...
         Starting Hold until boot process finishes up...
[[0;32m  OK  [0m] Started LSB: automatic crash report generation.
[[0;32m  OK  [0m] Started LSB: Set the CPU Frequency Scaling governor to "ondemand".
[[0;32m  OK  [0m] Started LSB: daemon to balance interrupts for SMP systems.
[[0;32m  OK  [0m] Started Terminate Plymouth Boot Screen.
[[0;32m  OK  [0m] Started Hold until boot process finishes up.
[[0;32m  OK  [0m] Started Serial Getty on ttyS0.
         Starting Set console scheme...
[[0;32m  OK  [0m] Started Getty on tty1.
[[0;32m  OK  [0m] Reached target Login Prompts.
[[0;32m  OK  [0m] Reached target Multi-User System.
         Starting Execute cloud user/final scripts...
[[0;32m  OK  [0m] Reached target Graphical Interface.
         Starting Update UTMP about System Runlevel Changes...
[[0;32m  OK  [0m] Started Set console scheme.
[[0;32m  OK  [0m] Started Update UTMP about System Runlevel Changes.
[   22.929704] cloud-init[1250]: Cloud-init v. 18.2 running 'modules:final' at Mon, 16 Jul 2018 22:06:49 +0000. Up 22.73 seconds.
[   22.949704] cloud-init[1250]: Cloud-init v. 18.2 finished at Mon, 16 Jul 2018 22:06:49 +0000. Datasource DataSourceNoCloud [seed=/dev/sdb][dsmode=net].  Up 22.92 seconds
[[0;32m  OK  [0m] Started Execute cloud user/final scripts.
[[0;32m  OK  [0m] Reached target Cloud-init target.

Ubuntu 16.04.4 LTS ubuntu-xenial ttyS0

ubuntu-xenial login: 